<?xml version="1.0" encoding="UTF-8"?>
<!-- Generated by org.testng.reporters.JUnitReportReporter -->
<testsuite hostname="DESKTOP-RG609L7" failures="0" tests="1" name="KitaabApi.restassured" time="0.014" errors="0" timestamp="09 Jun 2022 10:56:38 GMT" skipped="0">
  <testcase classname="KitaabApi.restassured" name="beforeexecution" time="0.014"/>
</testsuite> <!-- KitaabApi.restassured -->
