<?xml version="1.0" encoding="UTF-8"?>
<!-- Generated by org.testng.reporters.JUnitReportReporter -->
<testsuite hostname="DESKTOP-RG609L7" failures="0" tests="1" name="Keymethods.SendMailSSLWithAttachment" time="3.712" errors="0" timestamp="2023-05-22T12:29:03 IST" skipped="0">
  <testcase classname="Keymethods.SendMailSSLWithAttachment" name="main" time="3.712"/>
  <system-out/>
</testsuite> <!-- Keymethods.SendMailSSLWithAttachment -->
