<?xml version="1.0" encoding="UTF-8"?>
<!-- Generated by org.testng.reporters.JUnitReportReporter -->
<testsuite hostname="DESKTOP-RG609L7" failures="0" tests="120" name="InvoiceCreation.Companycreation" time="1026.958" errors="0" timestamp="28 Nov 2022 07:28:25 GMT" skipped="0">
  <testcase classname="InvoiceCreation.Companycreation" name="Itemcreation100" time="8.595"/>
  <testcase classname="InvoiceCreation.Companycreation" name="Itemcreation100" time="8.474"/>
  <testcase classname="InvoiceCreation.Companycreation" name="Itemcreation100" time="8.563"/>
  <testcase classname="InvoiceCreation.Companycreation" name="Itemcreation100" time="8.591"/>
  <testcase classname="InvoiceCreation.Companycreation" name="Itemcreation100" time="8.522"/>
  <testcase classname="InvoiceCreation.Companycreation" name="Itemcreation100" time="8.518"/>
  <testcase classname="InvoiceCreation.Companycreation" name="Itemcreation100" time="8.557"/>
  <testcase classname="InvoiceCreation.Companycreation" name="Itemcreation100" time="8.566"/>
  <testcase classname="InvoiceCreation.Companycreation" name="Itemcreation100" time="8.528"/>
  <testcase classname="InvoiceCreation.Companycreation" name="Itemcreation100" time="8.497"/>
  <testcase classname="InvoiceCreation.Companycreation" name="Itemcreation100" time="8.523"/>
  <testcase classname="InvoiceCreation.Companycreation" name="Itemcreation100" time="8.520"/>
  <testcase classname="InvoiceCreation.Companycreation" name="Itemcreation100" time="8.580"/>
  <testcase classname="InvoiceCreation.Companycreation" name="Itemcreation100" time="8.509"/>
  <testcase classname="InvoiceCreation.Companycreation" name="Itemcreation100" time="8.548"/>
  <testcase classname="InvoiceCreation.Companycreation" name="Itemcreation100" time="8.576"/>
  <testcase classname="InvoiceCreation.Companycreation" name="Itemcreation100" time="8.587"/>
  <testcase classname="InvoiceCreation.Companycreation" name="Itemcreation100" time="8.656"/>
  <testcase classname="InvoiceCreation.Companycreation" name="Itemcreation100" time="8.455"/>
  <testcase classname="InvoiceCreation.Companycreation" name="Itemcreation100" time="8.471"/>
  <testcase classname="InvoiceCreation.Companycreation" name="Itemcreation100" time="8.530"/>
  <testcase classname="InvoiceCreation.Companycreation" name="Itemcreation100" time="8.510"/>
  <testcase classname="InvoiceCreation.Companycreation" name="Itemcreation100" time="8.577"/>
  <testcase classname="InvoiceCreation.Companycreation" name="Itemcreation100" time="8.539"/>
  <testcase classname="InvoiceCreation.Companycreation" name="Itemcreation100" time="8.529"/>
  <testcase classname="InvoiceCreation.Companycreation" name="Itemcreation100" time="9.263"/>
  <testcase classname="InvoiceCreation.Companycreation" name="Itemcreation100" time="8.644"/>
  <testcase classname="InvoiceCreation.Companycreation" name="Itemcreation100" time="8.630"/>
  <testcase classname="InvoiceCreation.Companycreation" name="Itemcreation100" time="8.534"/>
  <testcase classname="InvoiceCreation.Companycreation" name="Itemcreation100" time="8.480"/>
  <testcase classname="InvoiceCreation.Companycreation" name="Itemcreation100" time="8.562"/>
  <testcase classname="InvoiceCreation.Companycreation" name="Itemcreation100" time="8.542"/>
  <testcase classname="InvoiceCreation.Companycreation" name="Itemcreation100" time="8.504"/>
  <testcase classname="InvoiceCreation.Companycreation" name="Itemcreation100" time="8.558"/>
  <testcase classname="InvoiceCreation.Companycreation" name="Itemcreation100" time="8.512"/>
  <testcase classname="InvoiceCreation.Companycreation" name="Itemcreation100" time="8.517"/>
  <testcase classname="InvoiceCreation.Companycreation" name="Itemcreation100" time="8.471"/>
  <testcase classname="InvoiceCreation.Companycreation" name="Itemcreation100" time="8.457"/>
  <testcase classname="InvoiceCreation.Companycreation" name="Itemcreation100" time="8.559"/>
  <testcase classname="InvoiceCreation.Companycreation" name="Itemcreation100" time="8.548"/>
  <testcase classname="InvoiceCreation.Companycreation" name="Itemcreation100" time="8.608"/>
  <testcase classname="InvoiceCreation.Companycreation" name="Itemcreation100" time="8.470"/>
  <testcase classname="InvoiceCreation.Companycreation" name="Itemcreation100" time="8.502"/>
  <testcase classname="InvoiceCreation.Companycreation" name="Itemcreation100" time="8.414"/>
  <testcase classname="InvoiceCreation.Companycreation" name="Itemcreation100" time="8.569"/>
  <testcase classname="InvoiceCreation.Companycreation" name="Itemcreation100" time="8.545"/>
  <testcase classname="InvoiceCreation.Companycreation" name="Itemcreation100" time="8.524"/>
  <testcase classname="InvoiceCreation.Companycreation" name="Itemcreation100" time="8.598"/>
  <testcase classname="InvoiceCreation.Companycreation" name="Itemcreation100" time="8.506"/>
  <testcase classname="InvoiceCreation.Companycreation" name="Itemcreation100" time="8.544"/>
  <testcase classname="InvoiceCreation.Companycreation" name="Itemcreation100" time="8.591"/>
  <testcase classname="InvoiceCreation.Companycreation" name="Itemcreation100" time="8.532"/>
  <testcase classname="InvoiceCreation.Companycreation" name="Itemcreation100" time="8.592"/>
  <testcase classname="InvoiceCreation.Companycreation" name="Itemcreation100" time="8.606"/>
  <testcase classname="InvoiceCreation.Companycreation" name="Itemcreation100" time="8.587"/>
  <testcase classname="InvoiceCreation.Companycreation" name="Itemcreation100" time="8.513"/>
  <testcase classname="InvoiceCreation.Companycreation" name="Itemcreation100" time="8.540"/>
  <testcase classname="InvoiceCreation.Companycreation" name="Itemcreation100" time="9.116"/>
  <testcase classname="InvoiceCreation.Companycreation" name="Itemcreation100" time="8.536"/>
  <testcase classname="InvoiceCreation.Companycreation" name="Itemcreation100" time="8.724"/>
  <testcase classname="InvoiceCreation.Companycreation" name="Itemcreation100" time="8.436"/>
  <testcase classname="InvoiceCreation.Companycreation" name="Itemcreation100" time="8.587"/>
  <testcase classname="InvoiceCreation.Companycreation" name="Itemcreation100" time="8.554"/>
  <testcase classname="InvoiceCreation.Companycreation" name="Itemcreation100" time="8.525"/>
  <testcase classname="InvoiceCreation.Companycreation" name="Itemcreation100" time="8.500"/>
  <testcase classname="InvoiceCreation.Companycreation" name="Itemcreation100" time="8.425"/>
  <testcase classname="InvoiceCreation.Companycreation" name="Itemcreation100" time="8.616"/>
  <testcase classname="InvoiceCreation.Companycreation" name="Itemcreation100" time="8.577"/>
  <testcase classname="InvoiceCreation.Companycreation" name="Itemcreation100" time="8.522"/>
  <testcase classname="InvoiceCreation.Companycreation" name="Itemcreation100" time="8.521"/>
  <testcase classname="InvoiceCreation.Companycreation" name="Itemcreation100" time="8.621"/>
  <testcase classname="InvoiceCreation.Companycreation" name="Itemcreation100" time="8.551"/>
  <testcase classname="InvoiceCreation.Companycreation" name="Itemcreation100" time="8.433"/>
  <testcase classname="InvoiceCreation.Companycreation" name="Itemcreation100" time="8.483"/>
  <testcase classname="InvoiceCreation.Companycreation" name="Itemcreation100" time="8.491"/>
  <testcase classname="InvoiceCreation.Companycreation" name="Itemcreation100" time="8.501"/>
  <testcase classname="InvoiceCreation.Companycreation" name="Itemcreation100" time="8.524"/>
  <testcase classname="InvoiceCreation.Companycreation" name="Itemcreation100" time="8.462"/>
  <testcase classname="InvoiceCreation.Companycreation" name="Itemcreation100" time="8.609"/>
  <testcase classname="InvoiceCreation.Companycreation" name="Itemcreation100" time="8.574"/>
  <testcase classname="InvoiceCreation.Companycreation" name="Itemcreation100" time="8.388"/>
  <testcase classname="InvoiceCreation.Companycreation" name="Itemcreation100" time="8.473"/>
  <testcase classname="InvoiceCreation.Companycreation" name="Itemcreation100" time="8.528"/>
  <testcase classname="InvoiceCreation.Companycreation" name="Itemcreation100" time="8.521"/>
  <testcase classname="InvoiceCreation.Companycreation" name="Itemcreation100" time="8.563"/>
  <testcase classname="InvoiceCreation.Companycreation" name="Itemcreation100" time="8.558"/>
  <testcase classname="InvoiceCreation.Companycreation" name="Itemcreation100" time="8.361"/>
  <testcase classname="InvoiceCreation.Companycreation" name="Itemcreation100" time="8.573"/>
  <testcase classname="InvoiceCreation.Companycreation" name="Itemcreation100" time="8.503"/>
  <testcase classname="InvoiceCreation.Companycreation" name="Itemcreation100" time="8.471"/>
  <testcase classname="InvoiceCreation.Companycreation" name="Itemcreation100" time="8.413"/>
  <testcase classname="InvoiceCreation.Companycreation" name="Itemcreation100" time="8.551"/>
  <testcase classname="InvoiceCreation.Companycreation" name="Itemcreation100" time="8.553"/>
  <testcase classname="InvoiceCreation.Companycreation" name="Itemcreation100" time="8.530"/>
  <testcase classname="InvoiceCreation.Companycreation" name="Itemcreation100" time="8.581"/>
  <testcase classname="InvoiceCreation.Companycreation" name="Itemcreation100" time="8.577"/>
  <testcase classname="InvoiceCreation.Companycreation" name="Itemcreation100" time="8.435"/>
  <testcase classname="InvoiceCreation.Companycreation" name="Itemcreation100" time="8.573"/>
  <testcase classname="InvoiceCreation.Companycreation" name="Itemcreation100" time="8.570"/>
  <testcase classname="InvoiceCreation.Companycreation" name="Itemcreation100" time="8.535"/>
  <testcase classname="InvoiceCreation.Companycreation" name="Itemcreation100" time="8.865"/>
  <testcase classname="InvoiceCreation.Companycreation" name="Itemcreation100" time="8.561"/>
  <testcase classname="InvoiceCreation.Companycreation" name="Itemcreation100" time="8.572"/>
  <testcase classname="InvoiceCreation.Companycreation" name="Itemcreation100" time="8.527"/>
  <testcase classname="InvoiceCreation.Companycreation" name="Itemcreation100" time="8.577"/>
  <testcase classname="InvoiceCreation.Companycreation" name="Itemcreation100" time="9.614"/>
  <testcase classname="InvoiceCreation.Companycreation" name="Itemcreation100" time="8.621"/>
  <testcase classname="InvoiceCreation.Companycreation" name="Itemcreation100" time="8.465"/>
  <testcase classname="InvoiceCreation.Companycreation" name="Itemcreation100" time="8.561"/>
  <testcase classname="InvoiceCreation.Companycreation" name="Itemcreation100" time="8.531"/>
  <testcase classname="InvoiceCreation.Companycreation" name="Itemcreation100" time="8.549"/>
  <testcase classname="InvoiceCreation.Companycreation" name="Itemcreation100" time="8.536"/>
  <testcase classname="InvoiceCreation.Companycreation" name="Itemcreation100" time="8.438"/>
  <testcase classname="InvoiceCreation.Companycreation" name="Itemcreation100" time="8.574"/>
  <testcase classname="InvoiceCreation.Companycreation" name="Itemcreation100" time="8.533"/>
  <testcase classname="InvoiceCreation.Companycreation" name="Itemcreation100" time="8.597"/>
  <testcase classname="InvoiceCreation.Companycreation" name="Itemcreation100" time="8.526"/>
  <testcase classname="InvoiceCreation.Companycreation" name="Itemcreation100" time="8.508"/>
  <testcase classname="InvoiceCreation.Companycreation" name="Itemcreation100" time="8.578"/>
  <testcase classname="InvoiceCreation.Companycreation" name="Itemcreation100" time="8.537"/>
</testsuite> <!-- InvoiceCreation.Companycreation -->
