<?xml version="1.0" encoding="UTF-8"?>
<!-- Generated by org.testng.reporters.JUnitReportReporter -->
<testsuite hostname="DESKTOP-RG609L7" failures="0" tests="1" name="InvoiceCreation.sos" time="0.012" errors="0" timestamp="16 Nov 2022 06:21:52 GMT" skipped="0">
  <testcase classname="InvoiceCreation.sos" name="fass" time="0.012"/>
</testsuite> <!-- InvoiceCreation.sos -->
