<?xml version="1.0" encoding="UTF-8"?>
<!-- Generated by org.testng.reporters.JUnitReportReporter -->
<testsuite hostname="DESKTOP-RG609L7" failures="0" tests="101" name="InvoiceCreation.InvoiceCreation" time="2.071" errors="1" timestamp="07 Jul 2022 10:48:27 GMT" skipped="100">
  <testcase classname="InvoiceCreation.InvoiceCreation" name="Itemcreation100" time="0.000">
    <skipped/>
  </testcase> <!-- Itemcreation100 -->
  <testcase classname="InvoiceCreation.InvoiceCreation" name="Itemcreation100" time="0.000">
    <skipped/>
  </testcase> <!-- Itemcreation100 -->
  <testcase classname="InvoiceCreation.InvoiceCreation" name="Itemcreation100" time="0.000">
    <skipped/>
  </testcase> <!-- Itemcreation100 -->
  <testcase classname="InvoiceCreation.InvoiceCreation" name="Itemcreation100" time="0.000">
    <skipped/>
  </testcase> <!-- Itemcreation100 -->
  <testcase classname="InvoiceCreation.InvoiceCreation" name="Itemcreation100" time="0.000">
    <skipped/>
  </testcase> <!-- Itemcreation100 -->
  <testcase classname="InvoiceCreation.InvoiceCreation" name="Itemcreation100" time="0.000">
    <skipped/>
  </testcase> <!-- Itemcreation100 -->
  <testcase classname="InvoiceCreation.InvoiceCreation" name="Itemcreation100" time="0.000">
    <skipped/>
  </testcase> <!-- Itemcreation100 -->
  <testcase classname="InvoiceCreation.InvoiceCreation" name="Itemcreation100" time="0.000">
    <skipped/>
  </testcase> <!-- Itemcreation100 -->
  <testcase classname="InvoiceCreation.InvoiceCreation" name="Itemcreation100" time="0.000">
    <skipped/>
  </testcase> <!-- Itemcreation100 -->
  <testcase classname="InvoiceCreation.InvoiceCreation" name="Itemcreation100" time="0.000">
    <skipped/>
  </testcase> <!-- Itemcreation100 -->
  <testcase classname="InvoiceCreation.InvoiceCreation" name="Itemcreation100" time="0.000">
    <skipped/>
  </testcase> <!-- Itemcreation100 -->
  <testcase classname="InvoiceCreation.InvoiceCreation" name="Itemcreation100" time="0.000">
    <skipped/>
  </testcase> <!-- Itemcreation100 -->
  <testcase classname="InvoiceCreation.InvoiceCreation" name="Itemcreation100" time="0.000">
    <skipped/>
  </testcase> <!-- Itemcreation100 -->
  <testcase classname="InvoiceCreation.InvoiceCreation" name="Itemcreation100" time="0.000">
    <skipped/>
  </testcase> <!-- Itemcreation100 -->
  <testcase classname="InvoiceCreation.InvoiceCreation" name="Itemcreation100" time="0.000">
    <skipped/>
  </testcase> <!-- Itemcreation100 -->
  <testcase classname="InvoiceCreation.InvoiceCreation" name="Itemcreation100" time="0.000">
    <skipped/>
  </testcase> <!-- Itemcreation100 -->
  <testcase classname="InvoiceCreation.InvoiceCreation" name="Itemcreation100" time="0.000">
    <skipped/>
  </testcase> <!-- Itemcreation100 -->
  <testcase classname="InvoiceCreation.InvoiceCreation" name="Itemcreation100" time="0.000">
    <skipped/>
  </testcase> <!-- Itemcreation100 -->
  <testcase classname="InvoiceCreation.InvoiceCreation" name="Itemcreation100" time="0.000">
    <skipped/>
  </testcase> <!-- Itemcreation100 -->
  <testcase classname="InvoiceCreation.InvoiceCreation" name="Itemcreation100" time="0.000">
    <skipped/>
  </testcase> <!-- Itemcreation100 -->
  <testcase classname="InvoiceCreation.InvoiceCreation" name="Itemcreation100" time="0.000">
    <skipped/>
  </testcase> <!-- Itemcreation100 -->
  <testcase classname="InvoiceCreation.InvoiceCreation" name="Itemcreation100" time="0.000">
    <skipped/>
  </testcase> <!-- Itemcreation100 -->
  <testcase classname="InvoiceCreation.InvoiceCreation" name="Itemcreation100" time="0.000">
    <skipped/>
  </testcase> <!-- Itemcreation100 -->
  <testcase classname="InvoiceCreation.InvoiceCreation" name="Itemcreation100" time="0.000">
    <skipped/>
  </testcase> <!-- Itemcreation100 -->
  <testcase classname="InvoiceCreation.InvoiceCreation" name="Itemcreation100" time="0.000">
    <skipped/>
  </testcase> <!-- Itemcreation100 -->
  <testcase classname="InvoiceCreation.InvoiceCreation" name="Itemcreation100" time="0.000">
    <skipped/>
  </testcase> <!-- Itemcreation100 -->
  <testcase classname="InvoiceCreation.InvoiceCreation" name="Itemcreation100" time="0.000">
    <skipped/>
  </testcase> <!-- Itemcreation100 -->
  <testcase classname="InvoiceCreation.InvoiceCreation" name="Itemcreation100" time="0.000">
    <skipped/>
  </testcase> <!-- Itemcreation100 -->
  <testcase classname="InvoiceCreation.InvoiceCreation" name="Itemcreation100" time="0.000">
    <skipped/>
  </testcase> <!-- Itemcreation100 -->
  <testcase classname="InvoiceCreation.InvoiceCreation" name="Itemcreation100" time="0.000">
    <skipped/>
  </testcase> <!-- Itemcreation100 -->
  <testcase classname="InvoiceCreation.InvoiceCreation" name="Itemcreation100" time="0.000">
    <skipped/>
  </testcase> <!-- Itemcreation100 -->
  <testcase classname="InvoiceCreation.InvoiceCreation" name="Itemcreation100" time="0.000">
    <skipped/>
  </testcase> <!-- Itemcreation100 -->
  <testcase classname="InvoiceCreation.InvoiceCreation" name="Itemcreation100" time="0.000">
    <skipped/>
  </testcase> <!-- Itemcreation100 -->
  <testcase classname="InvoiceCreation.InvoiceCreation" name="Itemcreation100" time="0.000">
    <skipped/>
  </testcase> <!-- Itemcreation100 -->
  <testcase classname="InvoiceCreation.InvoiceCreation" name="Itemcreation100" time="0.000">
    <skipped/>
  </testcase> <!-- Itemcreation100 -->
  <testcase classname="InvoiceCreation.InvoiceCreation" name="Itemcreation100" time="0.000">
    <skipped/>
  </testcase> <!-- Itemcreation100 -->
  <testcase classname="InvoiceCreation.InvoiceCreation" name="Itemcreation100" time="0.000">
    <skipped/>
  </testcase> <!-- Itemcreation100 -->
  <testcase classname="InvoiceCreation.InvoiceCreation" name="Itemcreation100" time="0.000">
    <skipped/>
  </testcase> <!-- Itemcreation100 -->
  <testcase classname="InvoiceCreation.InvoiceCreation" name="Itemcreation100" time="0.000">
    <skipped/>
  </testcase> <!-- Itemcreation100 -->
  <testcase classname="InvoiceCreation.InvoiceCreation" name="Itemcreation100" time="0.000">
    <skipped/>
  </testcase> <!-- Itemcreation100 -->
  <testcase classname="InvoiceCreation.InvoiceCreation" name="Itemcreation100" time="0.000">
    <skipped/>
  </testcase> <!-- Itemcreation100 -->
  <testcase classname="InvoiceCreation.InvoiceCreation" name="Itemcreation100" time="0.000">
    <skipped/>
  </testcase> <!-- Itemcreation100 -->
  <testcase classname="InvoiceCreation.InvoiceCreation" name="Itemcreation100" time="0.000">
    <skipped/>
  </testcase> <!-- Itemcreation100 -->
  <testcase classname="InvoiceCreation.InvoiceCreation" name="Itemcreation100" time="0.000">
    <skipped/>
  </testcase> <!-- Itemcreation100 -->
  <testcase classname="InvoiceCreation.InvoiceCreation" name="Itemcreation100" time="0.000">
    <skipped/>
  </testcase> <!-- Itemcreation100 -->
  <testcase classname="InvoiceCreation.InvoiceCreation" name="Itemcreation100" time="0.000">
    <skipped/>
  </testcase> <!-- Itemcreation100 -->
  <testcase classname="InvoiceCreation.InvoiceCreation" name="Itemcreation100" time="0.000">
    <skipped/>
  </testcase> <!-- Itemcreation100 -->
  <testcase classname="InvoiceCreation.InvoiceCreation" name="Itemcreation100" time="0.000">
    <skipped/>
  </testcase> <!-- Itemcreation100 -->
  <testcase classname="InvoiceCreation.InvoiceCreation" name="Itemcreation100" time="0.000">
    <skipped/>
  </testcase> <!-- Itemcreation100 -->
  <testcase classname="InvoiceCreation.InvoiceCreation" name="Itemcreation100" time="0.000">
    <skipped/>
  </testcase> <!-- Itemcreation100 -->
  <testcase classname="InvoiceCreation.InvoiceCreation" name="Itemcreation100" time="0.000">
    <skipped/>
  </testcase> <!-- Itemcreation100 -->
  <testcase classname="InvoiceCreation.InvoiceCreation" name="Itemcreation100" time="0.000">
    <skipped/>
  </testcase> <!-- Itemcreation100 -->
  <testcase classname="InvoiceCreation.InvoiceCreation" name="Itemcreation100" time="0.000">
    <skipped/>
  </testcase> <!-- Itemcreation100 -->
  <testcase classname="InvoiceCreation.InvoiceCreation" name="Itemcreation100" time="0.000">
    <skipped/>
  </testcase> <!-- Itemcreation100 -->
  <testcase classname="InvoiceCreation.InvoiceCreation" name="Itemcreation100" time="0.000">
    <skipped/>
  </testcase> <!-- Itemcreation100 -->
  <testcase classname="InvoiceCreation.InvoiceCreation" name="Itemcreation100" time="0.000">
    <skipped/>
  </testcase> <!-- Itemcreation100 -->
  <testcase classname="InvoiceCreation.InvoiceCreation" name="Itemcreation100" time="0.000">
    <skipped/>
  </testcase> <!-- Itemcreation100 -->
  <testcase classname="InvoiceCreation.InvoiceCreation" name="Itemcreation100" time="0.000">
    <skipped/>
  </testcase> <!-- Itemcreation100 -->
  <testcase classname="InvoiceCreation.InvoiceCreation" name="Itemcreation100" time="0.000">
    <skipped/>
  </testcase> <!-- Itemcreation100 -->
  <testcase classname="InvoiceCreation.InvoiceCreation" name="Itemcreation100" time="0.000">
    <skipped/>
  </testcase> <!-- Itemcreation100 -->
  <testcase classname="InvoiceCreation.InvoiceCreation" name="Itemcreation100" time="0.000">
    <skipped/>
  </testcase> <!-- Itemcreation100 -->
  <testcase classname="InvoiceCreation.InvoiceCreation" name="Itemcreation100" time="0.000">
    <skipped/>
  </testcase> <!-- Itemcreation100 -->
  <testcase classname="InvoiceCreation.InvoiceCreation" name="Itemcreation100" time="0.000">
    <skipped/>
  </testcase> <!-- Itemcreation100 -->
  <testcase classname="InvoiceCreation.InvoiceCreation" name="Itemcreation100" time="0.000">
    <skipped/>
  </testcase> <!-- Itemcreation100 -->
  <testcase classname="InvoiceCreation.InvoiceCreation" name="Itemcreation100" time="0.000">
    <skipped/>
  </testcase> <!-- Itemcreation100 -->
  <testcase classname="InvoiceCreation.InvoiceCreation" name="Itemcreation100" time="0.000">
    <skipped/>
  </testcase> <!-- Itemcreation100 -->
  <testcase classname="InvoiceCreation.InvoiceCreation" name="Itemcreation100" time="0.000">
    <skipped/>
  </testcase> <!-- Itemcreation100 -->
  <testcase classname="InvoiceCreation.InvoiceCreation" name="Itemcreation100" time="0.000">
    <skipped/>
  </testcase> <!-- Itemcreation100 -->
  <testcase classname="InvoiceCreation.InvoiceCreation" name="Itemcreation100" time="0.000">
    <skipped/>
  </testcase> <!-- Itemcreation100 -->
  <testcase classname="InvoiceCreation.InvoiceCreation" name="Itemcreation100" time="0.000">
    <skipped/>
  </testcase> <!-- Itemcreation100 -->
  <testcase classname="InvoiceCreation.InvoiceCreation" name="Itemcreation100" time="0.000">
    <skipped/>
  </testcase> <!-- Itemcreation100 -->
  <testcase classname="InvoiceCreation.InvoiceCreation" name="url" time="2.071">
    <error message="Unresolved compilation problems: 
	Syntax error on token &quot;}&quot;, { expected
	Syntax error, insert &quot;}&quot; to complete Block
	Syntax error, insert &quot;}&quot; to complete ClassBody
" type="java.lang.Error">
      <![CDATA[java.lang.Error: Unresolved compilation problems: 
Syntax error on token "}", { expected
Syntax error, insert "}" to complete Block
Syntax error, insert "}" to complete ClassBody

at PageFactory.BusinessPageobject.<init>(BusinessPageobject.java:17)
at java.base/jdk.internal.reflect.NativeConstructorAccessorImpl.newInstance0(Native Method)
at java.base/jdk.internal.reflect.NativeConstructorAccessorImpl.newInstance(NativeConstructorAccessorImpl.java:77)
at java.base/jdk.internal.reflect.DelegatingConstructorAccessorImpl.newInstance(DelegatingConstructorAccessorImpl.java:45)
at java.base/java.lang.reflect.Constructor.newInstanceWithCaller(Constructor.java:499)
at java.base/java.lang.reflect.ReflectAccess.newInstance(ReflectAccess.java:128)
at java.base/jdk.internal.reflect.ReflectionFactory.newInstance(ReflectionFactory.java:347)
at java.base/java.lang.Class.newInstance(Class.java:645)
at org.openqa.selenium.support.PageFactory.instantiatePage(PageFactory.java:131)
at org.openqa.selenium.support.PageFactory.initElements(PageFactory.java:64)
at InvoiceCreation.InvoiceCreation.url(InvoiceCreation.java:103)
at java.base/jdk.internal.reflect.NativeMethodAccessorImpl.invoke0(Native Method)
at java.base/jdk.internal.reflect.NativeMethodAccessorImpl.invoke(NativeMethodAccessorImpl.java:77)
at java.base/jdk.internal.reflect.DelegatingMethodAccessorImpl.invoke(DelegatingMethodAccessorImpl.java:43)
at java.base/java.lang.reflect.Method.invoke(Method.java:568)
at org.testng.internal.MethodInvocationHelper.invokeMethod(MethodInvocationHelper.java:124)
at org.testng.internal.MethodInvocationHelper.invokeMethodConsideringTimeout(MethodInvocationHelper.java:59)
at org.testng.internal.Invoker.invokeConfigurationMethod(Invoker.java:458)
at org.testng.internal.Invoker.invokeConfigurations(Invoker.java:222)
at org.testng.internal.Invoker.invokeConfigurations(Invoker.java:142)
at org.testng.internal.TestMethodWorker.invokeBeforeClassMethods(TestMethodWorker.java:168)
at org.testng.internal.TestMethodWorker.run(TestMethodWorker.java:105)
at org.testng.TestRunner.privateRun(TestRunner.java:648)
at org.testng.TestRunner.run(TestRunner.java:505)
at org.testng.SuiteRunner.runTest(SuiteRunner.java:455)
at org.testng.SuiteRunner.runSequentially(SuiteRunner.java:450)
at org.testng.SuiteRunner.privateRun(SuiteRunner.java:415)
at org.testng.SuiteRunner.run(SuiteRunner.java:364)
at org.testng.SuiteRunnerWorker.runSuite(SuiteRunnerWorker.java:52)
at org.testng.SuiteRunnerWorker.run(SuiteRunnerWorker.java:84)
at org.testng.TestNG.runSuitesSequentially(TestNG.java:1208)
at org.testng.TestNG.runSuitesLocally(TestNG.java:1137)
at org.testng.TestNG.runSuites(TestNG.java:1049)
at org.testng.TestNG.run(TestNG.java:1017)
at org.testng.remote.AbstractRemoteTestNG.run(AbstractRemoteTestNG.java:115)
at org.testng.remote.RemoteTestNG.initAndRun(RemoteTestNG.java:251)
at org.testng.remote.RemoteTestNG.main(RemoteTestNG.java:77)
]]>
    </error>
  </testcase> <!-- url -->
  <testcase classname="InvoiceCreation.InvoiceCreation" name="Itemcreation100" time="0.000">
    <skipped/>
  </testcase> <!-- Itemcreation100 -->
  <testcase classname="InvoiceCreation.InvoiceCreation" name="Itemcreation100" time="0.000">
    <skipped/>
  </testcase> <!-- Itemcreation100 -->
  <testcase classname="InvoiceCreation.InvoiceCreation" name="Itemcreation100" time="0.000">
    <skipped/>
  </testcase> <!-- Itemcreation100 -->
  <testcase classname="InvoiceCreation.InvoiceCreation" name="Itemcreation100" time="0.000">
    <skipped/>
  </testcase> <!-- Itemcreation100 -->
  <testcase classname="InvoiceCreation.InvoiceCreation" name="Itemcreation100" time="0.000">
    <skipped/>
  </testcase> <!-- Itemcreation100 -->
  <testcase classname="InvoiceCreation.InvoiceCreation" name="Itemcreation100" time="0.000">
    <skipped/>
  </testcase> <!-- Itemcreation100 -->
  <testcase classname="InvoiceCreation.InvoiceCreation" name="Itemcreation100" time="0.000">
    <skipped/>
  </testcase> <!-- Itemcreation100 -->
  <testcase classname="InvoiceCreation.InvoiceCreation" name="Itemcreation100" time="0.000">
    <skipped/>
  </testcase> <!-- Itemcreation100 -->
  <testcase classname="InvoiceCreation.InvoiceCreation" name="Itemcreation100" time="0.000">
    <skipped/>
  </testcase> <!-- Itemcreation100 -->
  <testcase classname="InvoiceCreation.InvoiceCreation" name="Itemcreation100" time="0.000">
    <skipped/>
  </testcase> <!-- Itemcreation100 -->
  <testcase classname="InvoiceCreation.InvoiceCreation" name="Itemcreation100" time="0.000">
    <skipped/>
  </testcase> <!-- Itemcreation100 -->
  <testcase classname="InvoiceCreation.InvoiceCreation" name="Itemcreation100" time="0.000">
    <skipped/>
  </testcase> <!-- Itemcreation100 -->
  <testcase classname="InvoiceCreation.InvoiceCreation" name="Itemcreation100" time="0.000">
    <skipped/>
  </testcase> <!-- Itemcreation100 -->
  <testcase classname="InvoiceCreation.InvoiceCreation" name="Itemcreation100" time="0.000">
    <skipped/>
  </testcase> <!-- Itemcreation100 -->
  <testcase classname="InvoiceCreation.InvoiceCreation" name="Itemcreation100" time="0.000">
    <skipped/>
  </testcase> <!-- Itemcreation100 -->
  <testcase classname="InvoiceCreation.InvoiceCreation" name="Itemcreation100" time="0.000">
    <skipped/>
  </testcase> <!-- Itemcreation100 -->
  <testcase classname="InvoiceCreation.InvoiceCreation" name="Itemcreation100" time="0.000">
    <skipped/>
  </testcase> <!-- Itemcreation100 -->
  <testcase classname="InvoiceCreation.InvoiceCreation" name="Itemcreation100" time="0.000">
    <skipped/>
  </testcase> <!-- Itemcreation100 -->
  <testcase classname="InvoiceCreation.InvoiceCreation" name="Itemcreation100" time="0.000">
    <skipped/>
  </testcase> <!-- Itemcreation100 -->
  <testcase classname="InvoiceCreation.InvoiceCreation" name="Itemcreation100" time="0.000">
    <skipped/>
  </testcase> <!-- Itemcreation100 -->
  <testcase classname="InvoiceCreation.InvoiceCreation" name="Itemcreation100" time="0.000">
    <skipped/>
  </testcase> <!-- Itemcreation100 -->
  <testcase classname="InvoiceCreation.InvoiceCreation" name="Itemcreation100" time="0.000">
    <skipped/>
  </testcase> <!-- Itemcreation100 -->
  <testcase classname="InvoiceCreation.InvoiceCreation" name="Itemcreation100" time="0.000">
    <skipped/>
  </testcase> <!-- Itemcreation100 -->
  <testcase classname="InvoiceCreation.InvoiceCreation" name="Itemcreation100" time="0.000">
    <skipped/>
  </testcase> <!-- Itemcreation100 -->
  <testcase classname="InvoiceCreation.InvoiceCreation" name="Itemcreation100" time="0.000">
    <skipped/>
  </testcase> <!-- Itemcreation100 -->
  <testcase classname="InvoiceCreation.InvoiceCreation" name="Itemcreation100" time="0.000">
    <skipped/>
  </testcase> <!-- Itemcreation100 -->
  <testcase classname="InvoiceCreation.InvoiceCreation" name="Itemcreation100" time="0.000">
    <skipped/>
  </testcase> <!-- Itemcreation100 -->
  <testcase classname="InvoiceCreation.InvoiceCreation" name="Itemcreation100" time="0.000">
    <skipped/>
  </testcase> <!-- Itemcreation100 -->
  <testcase classname="InvoiceCreation.InvoiceCreation" name="Itemcreation100" time="0.000">
    <skipped/>
  </testcase> <!-- Itemcreation100 -->
</testsuite> <!-- InvoiceCreation.InvoiceCreation -->
