<?xml version="1.0" encoding="UTF-8"?>
<!-- Generated by org.testng.reporters.JUnitReportReporter -->
<testsuite hostname="DESKTOP-RG609L7" failures="0" tests="4" name="InvoiceCreation.HsnSacValidation" time="139.730" errors="0" timestamp="15 Aug 2022 15:40:43 GMT" skipped="0">
  <testcase classname="InvoiceCreation.HsnSacValidation" name="InvoiceCreationWithExcel" time="36.618"/>
  <testcase classname="InvoiceCreation.HsnSacValidation" name="InvoiceCreationWithExcel" time="29.773"/>
  <testcase classname="InvoiceCreation.HsnSacValidation" name="InvoiceCreationWithExcel1" time="33.361"/>
  <testcase classname="InvoiceCreation.HsnSacValidation" name="InvoiceCreationWithExcel1" time="39.978"/>
</testsuite> <!-- InvoiceCreation.HsnSacValidation -->
